Command: vcs testbench.v -full64 -R -debug_access+all +v2k -l vcs.log
                         Chronologic VCS (TM)
       Version R-2020.12-SP2_Full64 -- Fri Dec 15 13:39:00 2023

                    Copyright (c) 1991 - 2021 Synopsys, Inc.
   This software and the associated documentation are proprietary to Synopsys,
 Inc. This software may only be used in accordance with the terms and conditions
 of a written license agreement with Synopsys, Inc. All other use, reproduction,
            or distribution of this software is strictly prohibited.

Parsing design file 'testbench.v'
Parsing included file 'SRAM.v'.
Back to file 'testbench.v'.
Parsing included file 'CPU.v'.
Parsing included file 'RegFile.v'.
Back to file 'CPU.v'.
Parsing included file 'Reg_PC.v'.
Back to file 'CPU.v'.
Parsing included file 'Decoder.v'.
Back to file 'CPU.v'.
Parsing included file 'Imm_Ext.v'.
Back to file 'CPU.v'.
Parsing included file 'ALU.v'.
Back to file 'CPU.v'.
Parsing included file 'JB_Unit.v'.
Back to file 'CPU.v'.
Parsing included file 'LD_Filter.v'.
Back to file 'CPU.v'.
Parsing included file 'Controller.v'.
Back to file 'CPU.v'.
Parsing included file 'Mux2.v'.
Back to file 'CPU.v'.
Parsing included file 'Mux3.v'.
Back to file 'CPU.v'.
Parsing included file 'Reg_D.v'.
Back to file 'CPU.v'.
Parsing included file 'Reg_E.v'.
Back to file 'CPU.v'.
Parsing included file 'Reg_M.v'.
Back to file 'CPU.v'.
Parsing included file 'Reg_W.v'.
Back to file 'CPU.v'.
Back to file 'testbench.v'.
Top Level Modules:
       testbench
TimeScale is 1 ns / 10 ps
Starting vcs inline pass...

2 modules and 0 UDP read.
recompiling module SRAM
recompiling module testbench
Both modules done.
rm -f _cuarc*.so _csrc*.so pre_vcsobj_*.so share_vcsobj_*.so
if [ -x ../simv ]; then chmod a-x ../simv; fi
g++  -o ../simv      -rdynamic  -Wl,-rpath='$ORIGIN'/simv.daidir -Wl,-rpath=./simv.daidir \
-Wl,-rpath=/usr/cad/synopsys/vcs/cur/linux64/lib -L/usr/cad/synopsys/vcs/cur/linux64/lib \
-Wl,-rpath-link=./  /usr/lib64/libnuma.so.1   objs/amcQw_d.o   _17784_archive_1.so \
SIM_l.o      rmapats_mop.o rmapats.o rmar.o rmar_nd.o  rmar_llvm_0_1.o rmar_llvm_0_0.o \
-lvirsim -lerrorinf -lsnpsmalloc -lvfs    -lvcsnew -lsimprofile -luclinative /usr/cad/synopsys/vcs/cur/linux64/lib/vcs_tls.o \
-Wl,-whole-archive  -lvcsucli    -Wl,-no-whole-archive          /usr/cad/synopsys/vcs/cur/linux64/lib/vcs_save_restore_new.o \
-ldl  -lc -lm -lpthread -ldl 
../simv up to date
Command: /home/ncku_class/vsd2023/vsd202367/vlsifinalverygood_resyn/./simv +v2k -a vcs.log
Chronologic VCS simulator copyright 1991-2020
Contains Synopsys proprietary information.
Compiler version R-2020.12-SP2_Full64; Runtime version R-2020.12-SP2_Full64;  Dec 15 13:39 2023

 everyins.hex is Done

DM['h9000] = fffffff0, pass
DM['h9004] = fffffff8, pass
DM['h9008] = 00000008, pass
DM['h900c] = 00000001, pass
DM['h9010] = 00000001, pass
DM['h9014] = 78787878, pass
DM['h9018] = 000091a2, pass
DM['h901c] = 00000003, pass
DM['h9020] = fefcfefd, pass
DM['h9024] = 10305070, pass
DM['h9028] = cccccccc, pass
DM['h902c] = ffffffcc, pass
DM['h9030] = ffffcccc, pass
DM['h9034] = 000000cc, pass
DM['h9038] = 0000cccc, pass
DM['h903c] = 00000d9d, pass
DM['h9040] = 00000004, pass
DM['h9044] = 00000003, pass
DM['h9048] = 000001a6, pass
DM['h904c] = 00000ec6, pass
DM['h9050] = 2468b7a8, pass
DM['h9054] = 5dbf9f00, pass
DM['h9058] = 00012b38, pass
DM['h905c] = fa2817b7, pass
DM['h9060] = ff000000, pass
DM['h9064] = 12345678, pass
DM['h9068] = 0000f000, pass
DM['h906c] = 00000f00, pass
DM['h9070] = 000000f0, pass
DM['h9074] = 0000000f, pass
DM['h9078] = 56780000, pass
DM['h907c] = 78000000, pass
DM['h9080] = 00005678, pass
DM['h9084] = 00000078, pass
DM['h9088] = 12345678, pass
DM['h908c] = ce780000, pass
DM['h9090] = fffff000, pass
DM['h9094] = fffff000, pass
DM['h9098] = fffff000, pass
DM['h909c] = fffff000, pass
DM['h90a0] = fffff000, pass
DM['h90a4] = fffff000, pass
DM['h90a8] = 13579d7c, pass
DM['h90ac] = 13578000, pass
DM['h90b0] = fffff004, pass
                                      ⠀⠀⠀⠀⠀⠀⠀⠀⠀⠀⠀⣀⣤⣴⣶⣶⣾⣷⣶⣿⣿⣿⣿⣿⣿⣿⣦
                                      ⠀⠀⠀⠀⠀⠀⠀⠀⠀⣰⣿⣿⣿⣿⣿⣿⣿⣿⣿⣿⠿⠿⣿⣿⣿⣿⣿⣧⡀
                                      ⠀⠀⠀⠀⠀⠀⠀⠀⣼⣿⣿⣿⣿⣿⣿⣿⣿⣿⡏⠀⠀⠀⠀⠀⣻⣿⣿⣿⣧
                                      ⠀⠀⠀⠀⠀⠀ ⢀⣿⣿⣿⣿⣿⣿⣿⣿⣿⣿⠥⠤⣤⣤⡀⠀⠈⣹⣿⣿⣿
                                              ⣸⣿⣿⣿⣿⣿⡟⠁⠙⠛⠥⠤⠤⣶⠎⠀⠰⢋⣭⣅⢹⡿
                                      ⠀⠀⠀⠀⠀⠀⣿⣿⠛⢿⣿⡿⠋⠀⠀⠀⠀⠀⠀⠀⠀⠀⠀⠀⠈⠁⠀⠁
                                      ⠀⠀⠀⠀⠀⠀⠹⣿⣶⠞⢉⣁⠀⠀⠀⠀⠀⠀⠀⠀⠒⠒⠲⠶⠂
                                      ⠀⠀⠀⠀⠀⠀⠀⠀⠀⠘⠋⠀⠀⠀⠀⠀⠀⠀⠀⠀⠀⠐⠒⣒⣒⣒⠶
                                      ⠀⠀⠀⠀⠀⠀⠀⠀⢀⣤⣶⣶⣤⣦⣀⣀⠀⠾⠶⣶⣶⣀⡀⠉⣉⣉⡴
                                      ⠀⠀⠀⠀⢀⣀⣲⣿⣿⣿⣯⣿⣿⣿⣿⣿⣷⣶⣤⣤⣭⣿⣿⣿⣿⠛
                                      ⠀⢀⣴⣾⣿⣿⣿⣿⣿⣿⣿⣿⣿⣿⣿⣿⣿⣿⣿⣿⣿⣿⣿⣿⣿⣷⣶⣶⣦⣤⣀
                                      ⣰⣿⣿⣿⣿⣿⣿⣿⣿⣿⣿⣿⣿⣿⣿⣿⣿⣿⣿⣿⣿⣿⣿⣿⣿⣿⣿⣿⣿⣿⣿⣿⣷⣤⣄
                                      ⢠⣿⣿⣿⣿⣿⣿⣿⣿⣿⣿⣿⣿⣿⣿⣿⣿⣿⣿⣿⣿⣿⣿⣿⣌⣙⣿⣿⣿⣿⣿⣿⣿⣿⣿⣿⣷⣄⡀
                                      ⢸⣿⣿⣿⣿⣿⣿⣿⣿⣿⣿⣿⣿⣿⣿⣿⣿⣿⣿⣿⣿⣿⣿⣿⣿⣿⣿⣿⣿⣿⢿⣻⣿⣿⣿⣿⣿⣿⣿⣶⣄⣀
                                      ⢹⣿⣿⣿⣿⣿⣿⣿⣿⣿⣿⣿⣿⣿⣿⣿⣿⣿⣿⣿⣿⣿⣿⣿⣿⣿⡿⠿⠛⠛⠛⠛⠫⠙⣿⣿⣿⣿⣿⣿⣿⣿⣧⣀
                                      ⢸⣿⣿⣿⣿⣿⣿⣿⣿⣿⣿⣿⣿⣿⣿⣿⣿⣿⣿⣿⣿⣿⣿⡿⠟⠉⠀⠀⠀⠀⠀⠀⠀⠀⠀⠀⠉⠉⠉⠉⠻⣿⣿⣿⡷⠦
                                      ⠘⣿⣿⣿⣿⣿⣿⣿⣿⣿⣿⣿⣿⢟⣻⢿⣿⣿⣿⣿⣿⠿⠋⠀⠀⠀⠀⠀⠀⠀⠀⠀⠀⠀⠀⠀⠀⠀⠀⠀⢀⡨⠏
                                      ⢿⣿⣿⣿⣿⣿⣿⣿⣿⣿⣿⣿⣿⣿⣿⣿⣿⣿⣿⣿⣦⣄⣀⡀⠀⠀⠀⠀⠀⠀⠀⢀⣸⠇⠀⠀⠀⠀⣰⠿⠃
                                      ⠀⠸⣿⣿⣿⣿⣿⣿⣿⣿⣿⣿⣿⣿⣿⣿⣿⣿⣿⣿⣿⡿⠛⣻⣿⣿⣶⣶⣶⣶⣾⣿⣿⣷⣶⡶⠶⠖⠋⠀⠀⠀⠀⠀⠀⠀⠀⠀⣴⠄
                                      ⠀⠀⢹⣿⣿⣿⣿⣿⣿⣿⣿⣿⣿⣿⣿⣿⣿⣿⣿⣿⣿⣿⣿⣿⠋⠁⢠⣿⠉⣡⡴⣶⣤⣄⣀⣀⣀⣤⣤⣤⣤⣤⣤⣤⣤⠤⠚
                                      ⠀  ⢿⣿⣿⣿⣿⣿⣿⣿⣿⣿⣿⣿⣿⣿⣿⣿⣿⣿⣿⣿⣿⣷⣶⣿⣿⣿⣿⣿⣿⣿⣿⣿⣿⣿⣿⣿⣿⣿⣿⡁
                                         ⠈⢻⣿⣿⣿⣿⣿⣿⣿⣿⣿⣿⣿⣿⣿⣿⣿⣿⣿⣿⣿⣿⣿⣿⣿⣿⣿⣿⣿⣿⣿⣿⣿⣿⣿⣿⣿⣿⣿⣷⡀
                                      ⠀⠀⠀⠀⣿⣿⣿⣿⣿⣿⣿⣿⣿⣿⣿⣿⣿⣿⣿⣿⣿⣿⣿⣿⣿⣿⣿⣿⣿⣿⣿⣿⣿⣿⣿⣿⣿⣿⣿⣿⣿⣿⣧
                                      ⠀⠀  ⢻⣿⣿⣿⣿⣿⣿⣿⣿⣿⣿⣿⣿⣿⣿⣿⣿⣿⣿⣿⣿⣿⣿⣿⣿⣿⣿⣿⣿⣿⣿⣿⣿⣿⣿⣿⣿⢿⣿⡆
                                           ⠘⠿⣿⣿⣿⣿⣿⣿⣿⣿⣿⣿⣿⣿⣿⣿⣿⣿⣿⣿⣿⣿⣿⣿⣿⣿⣿⣿⣿⣿⣿⣿⣿⣿⣿⣿⣿⣾⣿⠇
    **************************** 
    **                        ** 
    **  yeah hua chi lai !!   ** 
    **                        ** 
    **  you PASS !!           ** 
    **                        ** 
    **************************** 
                                 

 sort.hex is Done

DM['h9000] = 00000000, pass
DM['h9004] = 00000001, pass
DM['h9008] = 00000001, pass
DM['h900c] = 00000003, pass
DM['h9010] = 00000003, pass
DM['h9014] = 00000006, pass
DM['h9018] = 00000008, pass
DM['h901c] = 0000000a, pass
DM['h9020] = 0000000a, pass
DM['h9024] = 0000000b, pass
DM['h9028] = 0000000c, pass
DM['h902c] = 0000000f, pass
DM['h9030] = 00000010, pass
DM['h9034] = 00000012, pass
DM['h9038] = 00000012, pass
DM['h903c] = 00000017, pass
DM['h9040] = 00000017, pass
DM['h9044] = 00000017, pass
DM['h9048] = 00000018, pass
DM['h904c] = 0000001b, pass
DM['h9050] = 0000001e, pass
DM['h9054] = 00000025, pass
DM['h9058] = 00000025, pass
DM['h905c] = 00000026, pass
DM['h9060] = 00000027, pass
DM['h9064] = 00000028, pass
DM['h9068] = 00000028, pass
DM['h906c] = 00000029, pass
DM['h9070] = 0000002b, pass
DM['h9074] = 0000002d, pass
DM['h9078] = 0000002d, pass
DM['h907c] = 0000002e, pass
DM['h9080] = 0000002f, pass
DM['h9084] = 00000031, pass
DM['h9088] = ffffffce, pass
DM['h908c] = ffffffce, pass
DM['h9090] = ffffffd1, pass
DM['h9094] = ffffffd1, pass
DM['h9098] = ffffffd2, pass
DM['h909c] = ffffffe2, pass
DM['h90a0] = ffffffe9, pass
DM['h90a4] = ffffffea, pass
DM['h90a8] = ffffffeb, pass
DM['h90ac] = ffffffed, pass
DM['h90b0] = ffffffef, pass
DM['h90b4] = fffffff3, pass
DM['h90b8] = fffffff7, pass
DM['h90bc] = fffffffa, pass
DM['h90c0] = fffffffa, pass
DM['h90c4] = fffffffd, pass
DM['h90c8] = fffffffe, pass
DM['h90cc] = ffffffff, pass
DM['h90d0] = 00000000, pass
DM['h90d4] = ffffffcf, pass
DM['h90d8] = ffffffd2, pass
DM['h90dc] = ffffffd2, pass
DM['h90e0] = ffffffd4, pass
DM['h90e4] = ffffffd5, pass
DM['h90e8] = ffffffd6, pass
DM['h90ec] = ffffffdb, pass
DM['h90f0] = ffffffe3, pass
DM['h90f4] = ffffffe3, pass
DM['h90f8] = ffffffe8, pass
DM['h90fc] = ffffffe9, pass
DM['h9100] = ffffffee, pass
DM['h9104] = ffffffee, pass
DM['h9108] = ffffffee, pass
DM['h910c] = ffffffef, pass
DM['h9110] = fffffff0, pass
DM['h9114] = fffffffe, pass
DM['h9118] = 00000000, pass
DM['h911c] = 00000000, pass
DM['h9120] = 00000000, pass
DM['h9124] = 00000003, pass
DM['h9128] = 00000009, pass
DM['h912c] = 0000000f, pass
DM['h9130] = 00000013, pass
DM['h9134] = 00000016, pass
DM['h9138] = 00000017, pass
DM['h913c] = 00000017, pass
DM['h9140] = 00000023, pass
DM['h9144] = 0000002e, pass
                                      ⠀⠀⠀⠀⠀⠀⠀⠀⠀⠀⠀⣀⣤⣴⣶⣶⣾⣷⣶⣿⣿⣿⣿⣿⣿⣿⣦
                                      ⠀⠀⠀⠀⠀⠀⠀⠀⠀⣰⣿⣿⣿⣿⣿⣿⣿⣿⣿⣿⠿⠿⣿⣿⣿⣿⣿⣧⡀
                                      ⠀⠀⠀⠀⠀⠀⠀⠀⣼⣿⣿⣿⣿⣿⣿⣿⣿⣿⡏⠀⠀⠀⠀⠀⣻⣿⣿⣿⣧
                                      ⠀⠀⠀⠀⠀⠀ ⢀⣿⣿⣿⣿⣿⣿⣿⣿⣿⣿⠥⠤⣤⣤⡀⠀⠈⣹⣿⣿⣿
                                              ⣸⣿⣿⣿⣿⣿⡟⠁⠙⠛⠥⠤⠤⣶⠎⠀⠰⢋⣭⣅⢹⡿
                                      ⠀⠀⠀⠀⠀⠀⣿⣿⠛⢿⣿⡿⠋⠀⠀⠀⠀⠀⠀⠀⠀⠀⠀⠀⠈⠁⠀⠁
                                      ⠀⠀⠀⠀⠀⠀⠹⣿⣶⠞⢉⣁⠀⠀⠀⠀⠀⠀⠀⠀⠒⠒⠲⠶⠂
                                      ⠀⠀⠀⠀⠀⠀⠀⠀⠀⠘⠋⠀⠀⠀⠀⠀⠀⠀⠀⠀⠀⠐⠒⣒⣒⣒⠶
                                      ⠀⠀⠀⠀⠀⠀⠀⠀⢀⣤⣶⣶⣤⣦⣀⣀⠀⠾⠶⣶⣶⣀⡀⠉⣉⣉⡴
                                      ⠀⠀⠀⠀⢀⣀⣲⣿⣿⣿⣯⣿⣿⣿⣿⣿⣷⣶⣤⣤⣭⣿⣿⣿⣿⠛
                                      ⠀⢀⣴⣾⣿⣿⣿⣿⣿⣿⣿⣿⣿⣿⣿⣿⣿⣿⣿⣿⣿⣿⣿⣿⣿⣷⣶⣶⣦⣤⣀
                                      ⣰⣿⣿⣿⣿⣿⣿⣿⣿⣿⣿⣿⣿⣿⣿⣿⣿⣿⣿⣿⣿⣿⣿⣿⣿⣿⣿⣿⣿⣿⣿⣿⣷⣤⣄
                                      ⢠⣿⣿⣿⣿⣿⣿⣿⣿⣿⣿⣿⣿⣿⣿⣿⣿⣿⣿⣿⣿⣿⣿⣿⣌⣙⣿⣿⣿⣿⣿⣿⣿⣿⣿⣿⣷⣄⡀
                                      ⢸⣿⣿⣿⣿⣿⣿⣿⣿⣿⣿⣿⣿⣿⣿⣿⣿⣿⣿⣿⣿⣿⣿⣿⣿⣿⣿⣿⣿⣿⢿⣻⣿⣿⣿⣿⣿⣿⣿⣶⣄⣀
                                      ⢹⣿⣿⣿⣿⣿⣿⣿⣿⣿⣿⣿⣿⣿⣿⣿⣿⣿⣿⣿⣿⣿⣿⣿⣿⣿⡿⠿⠛⠛⠛⠛⠫⠙⣿⣿⣿⣿⣿⣿⣿⣿⣧⣀
                                      ⢸⣿⣿⣿⣿⣿⣿⣿⣿⣿⣿⣿⣿⣿⣿⣿⣿⣿⣿⣿⣿⣿⣿⡿⠟⠉⠀⠀⠀⠀⠀⠀⠀⠀⠀⠀⠉⠉⠉⠉⠻⣿⣿⣿⡷⠦
                                      ⠘⣿⣿⣿⣿⣿⣿⣿⣿⣿⣿⣿⣿⢟⣻⢿⣿⣿⣿⣿⣿⠿⠋⠀⠀⠀⠀⠀⠀⠀⠀⠀⠀⠀⠀⠀⠀⠀⠀⠀⢀⡨⠏
                                      ⢿⣿⣿⣿⣿⣿⣿⣿⣿⣿⣿⣿⣿⣿⣿⣿⣿⣿⣿⣿⣦⣄⣀⡀⠀⠀⠀⠀⠀⠀⠀⢀⣸⠇⠀⠀⠀⠀⣰⠿⠃
                                      ⠀⠸⣿⣿⣿⣿⣿⣿⣿⣿⣿⣿⣿⣿⣿⣿⣿⣿⣿⣿⣿⡿⠛⣻⣿⣿⣶⣶⣶⣶⣾⣿⣿⣷⣶⡶⠶⠖⠋⠀⠀⠀⠀⠀⠀⠀⠀⠀⣴⠄
                                      ⠀⠀⢹⣿⣿⣿⣿⣿⣿⣿⣿⣿⣿⣿⣿⣿⣿⣿⣿⣿⣿⣿⣿⣿⠋⠁⢠⣿⠉⣡⡴⣶⣤⣄⣀⣀⣀⣤⣤⣤⣤⣤⣤⣤⣤⠤⠚
                                      ⠀  ⢿⣿⣿⣿⣿⣿⣿⣿⣿⣿⣿⣿⣿⣿⣿⣿⣿⣿⣿⣿⣿⣷⣶⣿⣿⣿⣿⣿⣿⣿⣿⣿⣿⣿⣿⣿⣿⣿⣿⡁
                                         ⠈⢻⣿⣿⣿⣿⣿⣿⣿⣿⣿⣿⣿⣿⣿⣿⣿⣿⣿⣿⣿⣿⣿⣿⣿⣿⣿⣿⣿⣿⣿⣿⣿⣿⣿⣿⣿⣿⣿⣷⡀
                                      ⠀⠀⠀⠀⣿⣿⣿⣿⣿⣿⣿⣿⣿⣿⣿⣿⣿⣿⣿⣿⣿⣿⣿⣿⣿⣿⣿⣿⣿⣿⣿⣿⣿⣿⣿⣿⣿⣿⣿⣿⣿⣿⣧
                                      ⠀⠀  ⢻⣿⣿⣿⣿⣿⣿⣿⣿⣿⣿⣿⣿⣿⣿⣿⣿⣿⣿⣿⣿⣿⣿⣿⣿⣿⣿⣿⣿⣿⣿⣿⣿⣿⣿⣿⣿⢿⣿⡆
                                           ⠘⠿⣿⣿⣿⣿⣿⣿⣿⣿⣿⣿⣿⣿⣿⣿⣿⣿⣿⣿⣿⣿⣿⣿⣿⣿⣿⣿⣿⣿⣿⣿⣿⣿⣿⣿⣿⣾⣿⠇
    **************************** 
    **                        ** 
    **  yeah hua chi lai !!   ** 
    **                        ** 
    **  you PASS !!           ** 
    **                        ** 
    **************************** 
                                 

 fibo.prog is Done

DM['h9000] = 00000001, pass
DM['h9004] = 00000002, pass
DM['h9008] = 00000003, pass
DM['h900c] = 00000005, pass
DM['h9010] = 00000008, pass
DM['h9014] = 0000000d, pass
DM['h9018] = 00000015, pass
DM['h901c] = 00000022, pass
DM['h9020] = 00000037, pass
DM['h9024] = 00000059, pass
DM['h9028] = 00000090, pass
DM['h902c] = 000000e9, pass
DM['h9030] = 00000179, pass
DM['h9034] = 00000262, pass
                                      ⠀⠀⠀⠀⠀⠀⠀⠀⠀⠀⠀⣀⣤⣴⣶⣶⣾⣷⣶⣿⣿⣿⣿⣿⣿⣿⣦
                                      ⠀⠀⠀⠀⠀⠀⠀⠀⠀⣰⣿⣿⣿⣿⣿⣿⣿⣿⣿⣿⠿⠿⣿⣿⣿⣿⣿⣧⡀
                                      ⠀⠀⠀⠀⠀⠀⠀⠀⣼⣿⣿⣿⣿⣿⣿⣿⣿⣿⡏⠀⠀⠀⠀⠀⣻⣿⣿⣿⣧
                                      ⠀⠀⠀⠀⠀⠀ ⢀⣿⣿⣿⣿⣿⣿⣿⣿⣿⣿⠥⠤⣤⣤⡀⠀⠈⣹⣿⣿⣿
                                              ⣸⣿⣿⣿⣿⣿⡟⠁⠙⠛⠥⠤⠤⣶⠎⠀⠰⢋⣭⣅⢹⡿
                                      ⠀⠀⠀⠀⠀⠀⣿⣿⠛⢿⣿⡿⠋⠀⠀⠀⠀⠀⠀⠀⠀⠀⠀⠀⠈⠁⠀⠁
                                      ⠀⠀⠀⠀⠀⠀⠹⣿⣶⠞⢉⣁⠀⠀⠀⠀⠀⠀⠀⠀⠒⠒⠲⠶⠂
                                      ⠀⠀⠀⠀⠀⠀⠀⠀⠀⠘⠋⠀⠀⠀⠀⠀⠀⠀⠀⠀⠀⠐⠒⣒⣒⣒⠶
                                      ⠀⠀⠀⠀⠀⠀⠀⠀⢀⣤⣶⣶⣤⣦⣀⣀⠀⠾⠶⣶⣶⣀⡀⠉⣉⣉⡴
                                      ⠀⠀⠀⠀⢀⣀⣲⣿⣿⣿⣯⣿⣿⣿⣿⣿⣷⣶⣤⣤⣭⣿⣿⣿⣿⠛
                                      ⠀⢀⣴⣾⣿⣿⣿⣿⣿⣿⣿⣿⣿⣿⣿⣿⣿⣿⣿⣿⣿⣿⣿⣿⣿⣷⣶⣶⣦⣤⣀
                                      ⣰⣿⣿⣿⣿⣿⣿⣿⣿⣿⣿⣿⣿⣿⣿⣿⣿⣿⣿⣿⣿⣿⣿⣿⣿⣿⣿⣿⣿⣿⣿⣿⣷⣤⣄
                                      ⢠⣿⣿⣿⣿⣿⣿⣿⣿⣿⣿⣿⣿⣿⣿⣿⣿⣿⣿⣿⣿⣿⣿⣿⣌⣙⣿⣿⣿⣿⣿⣿⣿⣿⣿⣿⣷⣄⡀
                                      ⢸⣿⣿⣿⣿⣿⣿⣿⣿⣿⣿⣿⣿⣿⣿⣿⣿⣿⣿⣿⣿⣿⣿⣿⣿⣿⣿⣿⣿⣿⢿⣻⣿⣿⣿⣿⣿⣿⣿⣶⣄⣀
                                      ⢹⣿⣿⣿⣿⣿⣿⣿⣿⣿⣿⣿⣿⣿⣿⣿⣿⣿⣿⣿⣿⣿⣿⣿⣿⣿⡿⠿⠛⠛⠛⠛⠫⠙⣿⣿⣿⣿⣿⣿⣿⣿⣧⣀
                                      ⢸⣿⣿⣿⣿⣿⣿⣿⣿⣿⣿⣿⣿⣿⣿⣿⣿⣿⣿⣿⣿⣿⣿⡿⠟⠉⠀⠀⠀⠀⠀⠀⠀⠀⠀⠀⠉⠉⠉⠉⠻⣿⣿⣿⡷⠦
                                      ⠘⣿⣿⣿⣿⣿⣿⣿⣿⣿⣿⣿⣿⢟⣻⢿⣿⣿⣿⣿⣿⠿⠋⠀⠀⠀⠀⠀⠀⠀⠀⠀⠀⠀⠀⠀⠀⠀⠀⠀⢀⡨⠏
                                      ⢿⣿⣿⣿⣿⣿⣿⣿⣿⣿⣿⣿⣿⣿⣿⣿⣿⣿⣿⣿⣦⣄⣀⡀⠀⠀⠀⠀⠀⠀⠀⢀⣸⠇⠀⠀⠀⠀⣰⠿⠃
                                      ⠀⠸⣿⣿⣿⣿⣿⣿⣿⣿⣿⣿⣿⣿⣿⣿⣿⣿⣿⣿⣿⡿⠛⣻⣿⣿⣶⣶⣶⣶⣾⣿⣿⣷⣶⡶⠶⠖⠋⠀⠀⠀⠀⠀⠀⠀⠀⠀⣴⠄
                                      ⠀⠀⢹⣿⣿⣿⣿⣿⣿⣿⣿⣿⣿⣿⣿⣿⣿⣿⣿⣿⣿⣿⣿⣿⠋⠁⢠⣿⠉⣡⡴⣶⣤⣄⣀⣀⣀⣤⣤⣤⣤⣤⣤⣤⣤⠤⠚
                                      ⠀  ⢿⣿⣿⣿⣿⣿⣿⣿⣿⣿⣿⣿⣿⣿⣿⣿⣿⣿⣿⣿⣿⣷⣶⣿⣿⣿⣿⣿⣿⣿⣿⣿⣿⣿⣿⣿⣿⣿⣿⡁
                                         ⠈⢻⣿⣿⣿⣿⣿⣿⣿⣿⣿⣿⣿⣿⣿⣿⣿⣿⣿⣿⣿⣿⣿⣿⣿⣿⣿⣿⣿⣿⣿⣿⣿⣿⣿⣿⣿⣿⣿⣷⡀
                                      ⠀⠀⠀⠀⣿⣿⣿⣿⣿⣿⣿⣿⣿⣿⣿⣿⣿⣿⣿⣿⣿⣿⣿⣿⣿⣿⣿⣿⣿⣿⣿⣿⣿⣿⣿⣿⣿⣿⣿⣿⣿⣿⣧
                                      ⠀⠀  ⢻⣿⣿⣿⣿⣿⣿⣿⣿⣿⣿⣿⣿⣿⣿⣿⣿⣿⣿⣿⣿⣿⣿⣿⣿⣿⣿⣿⣿⣿⣿⣿⣿⣿⣿⣿⣿⢿⣿⡆
                                           ⠘⠿⣿⣿⣿⣿⣿⣿⣿⣿⣿⣿⣿⣿⣿⣿⣿⣿⣿⣿⣿⣿⣿⣿⣿⣿⣿⣿⣿⣿⣿⣿⣿⣿⣿⣿⣿⣾⣿⠇
    **************************** 
    **                        ** 
    **  yeah hua chi lai !!   ** 
    **                        ** 
    **  you PASS !!           ** 
    **                        ** 
    **************************** 
                                 
$finish called from file "testbench.v", line 189.
$finish at simulation time             24516500
           V C S   S i m u l a t i o n   R e p o r t 
Time: 245165000 ps
CPU Time:      2.630 seconds;       Data structure size:   0.4Mb
Fri Dec 15 13:39:16 2023
CPU time: .587 seconds to compile + .480 seconds to elab + 11.024 seconds to link + 2.652 seconds in simulation
